  [1m[35m (71.8ms)[0m  [1m[34mSELECT "schema_migrations"."version" FROM "schema_migrations" ORDER BY "schema_migrations"."version" ASC[0m
  [1m[35m (97.6ms)[0m  [1m[34mSELECT "ar_internal_metadata"."value" FROM "ar_internal_metadata" WHERE "ar_internal_metadata"."key" = $1[0m  [["key", "environment"]]
  [1m[35m (1.0ms)[0m  [1m[34mSELECT "schema_migrations"."version" FROM "schema_migrations" ORDER BY "schema_migrations"."version" ASC[0m
  [1m[35m (0.0ms)[0m  [1m[34mSELECT "ar_internal_metadata"."value" FROM "ar_internal_metadata" WHERE "ar_internal_metadata"."key" = $1[0m  [["key", "environment"]]
  [1m[35m (0.0ms)[0m  [1m[34mSELECT "schema_migrations"."version" FROM "schema_migrations" ORDER BY "schema_migrations"."version" ASC[0m
  [1m[35m (0.0ms)[0m  [1m[34mSELECT "ar_internal_metadata"."value" FROM "ar_internal_metadata" WHERE "ar_internal_metadata"."key" = $1[0m  [["key", "environment"]]
  [1m[35m (326.3ms)[0m  [1m[35mCREATE TABLE "schema_migrations" ("version" character varying NOT NULL PRIMARY KEY)[0m
  [1m[35m (82.2ms)[0m  [1m[35mCREATE TABLE "ar_internal_metadata" ("key" character varying NOT NULL PRIMARY KEY, "value" character varying, "created_at" timestamp NOT NULL, "updated_at" timestamp NOT NULL)[0m
  [1m[35m (36.6ms)[0m  [1m[34mSELECT pg_try_advisory_lock(4470408497245728135)[0m
  [1m[35m (2.5ms)[0m  [1m[34mSELECT "schema_migrations"."version" FROM "schema_migrations" ORDER BY "schema_migrations"."version" ASC[0m
Migrating to CreateEntries (20180316063145)
  [1m[35m (1.0ms)[0m  [1m[35mBEGIN[0m
  [1m[35m (89.1ms)[0m  [1m[35mCREATE TABLE "entries" ("id" bigserial primary key, "sender" character varying, "message" character varying, "created_at" timestamp NOT NULL, "updated_at" timestamp NOT NULL)[0m
  [1m[35mSQL (17.7ms)[0m  [1m[32mINSERT INTO "schema_migrations" ("version") VALUES ($1) RETURNING "version"[0m  [["version", "20180316063145"]]
  [1m[35m (1.0ms)[0m  [1m[35mCOMMIT[0m
  [1m[36mActiveRecord::InternalMetadata Load (25.4ms)[0m  [1m[34mSELECT  "ar_internal_metadata".* FROM "ar_internal_metadata" WHERE "ar_internal_metadata"."key" = $1 LIMIT $2[0m  [["key", "environment"], ["LIMIT", 1]]
  [1m[35m (1.0ms)[0m  [1m[35mBEGIN[0m
  [1m[35mSQL (18.0ms)[0m  [1m[32mINSERT INTO "ar_internal_metadata" ("key", "value", "created_at", "updated_at") VALUES ($1, $2, $3, $4) RETURNING "key"[0m  [["key", "environment"], ["value", "development"], ["created_at", "2018-03-16 06:35:58.804800"], ["updated_at", "2018-03-16 06:35:58.804800"]]
  [1m[35m (1.0ms)[0m  [1m[35mCOMMIT[0m
  [1m[35m (1.0ms)[0m  [1m[34mSELECT pg_advisory_unlock(4470408497245728135)[0m
  [1m[35m (1.0ms)[0m  [1m[34mSELECT "schema_migrations"."version" FROM "schema_migrations" ORDER BY "schema_migrations"."version" ASC[0m
Started GET "/" for ::1 at 2018-03-16 14:39:10 +0800
  [1m[35m (2.0ms)[0m  [1m[34mSELECT "schema_migrations"."version" FROM "schema_migrations" ORDER BY "schema_migrations"."version" ASC[0m
Processing by EntriesController#index as HTML
  Rendering entries/index.html.erb within layouts/application
  [1m[36mEntry Load (2.0ms)[0m  [1m[34mSELECT "entries".* FROM "entries"[0m
  Rendered entries/index.html.erb within layouts/application (16.0ms)
Started GET "/" for ::1 at 2018-03-16 14:39:13 +0800
Processing by EntriesController#index as HTML
  Rendering entries/index.html.erb within layouts/application
  [1m[36mEntry Load (5.0ms)[0m  [1m[34mSELECT "entries".* FROM "entries"[0m
  Rendered entries/index.html.erb within layouts/application (112.1ms)
Completed 200 OK in 2833ms (Views: 2749.8ms | ActiveRecord: 11.0ms)


Completed 200 OK in 22023ms (Views: 21972.9ms | ActiveRecord: 27.0ms)


Started POST "/entries" for ::1 at 2018-03-16 14:40:03 +0800
Processing by EntriesController#create as HTML
  Parameters: {"utf8"=>"✓", "authenticity_token"=>"aU+BnQM+ZBflFviq9Ua0KaH615z2tNYNpt/MZlEsjk7tGFdNp/vIFzt/4eUpiBOw8lQ442HCD0ROae6ULDwSGw==", "entry"=>{"message"=>"Welcome to Freedom Board", "sender"=>"Jeff"}, "commit"=>"Post"}
  [1m[35m (0.0ms)[0m  [1m[35mBEGIN[0m
  [1m[35mSQL (2.0ms)[0m  [1m[32mINSERT INTO "entries" ("sender", "message", "created_at", "updated_at") VALUES ($1, $2, $3, $4) RETURNING "id"[0m  [["sender", "Jeff"], ["message", "Welcome to Freedom Board"], ["created_at", "2018-03-16 06:40:03.080060"], ["updated_at", "2018-03-16 06:40:03.080060"]]
  [1m[35m (1.4ms)[0m  [1m[35mCOMMIT[0m
Redirected to http://localhost:4567/entries
Completed 302 Found in 15ms (ActiveRecord: 3.4ms)


Started GET "/entries" for ::1 at 2018-03-16 14:40:03 +0800
Processing by EntriesController#index as HTML
  Rendering entries/index.html.erb within layouts/application
  [1m[36mEntry Load (15.1ms)[0m  [1m[34mSELECT "entries".* FROM "entries"[0m
  Rendered entries/index.html.erb within layouts/application (31.8ms)
Completed 200 OK in 179ms (Views: 140.6ms | ActiveRecord: 15.1ms)


Started GET "/entries" for ::1 at 2018-03-16 14:40:24 +0800
Processing by EntriesController#index as HTML
  Rendering entries/index.html.erb within layouts/application
  [1m[36mEntry Load (0.0ms)[0m  [1m[34mSELECT "entries".* FROM "entries"[0m
  Rendered entries/index.html.erb within layouts/application (7.0ms)
Completed 200 OK in 226ms (Views: 194.4ms | ActiveRecord: 0.0ms)


Started POST "/entries" for ::1 at 2018-03-16 14:40:45 +0800
Processing by EntriesController#create as HTML
  Parameters: {"utf8"=>"✓", "authenticity_token"=>"Qy2YijCy+uW37MTsTy8BePQkT1VEn1qBQgMiJAyKeY7Hek5alHdW5WmF3aOT4abhp4qgKtPpg8iqtQDWcZrl2w==", "entry"=>{"message"=>"Freedom Board is awesome", "sender"=>"Kyell"}, "commit"=>"Post"}
  [1m[35m (0.0ms)[0m  [1m[35mBEGIN[0m
  [1m[35mSQL (1.0ms)[0m  [1m[32mINSERT INTO "entries" ("sender", "message", "created_at", "updated_at") VALUES ($1, $2, $3, $4) RETURNING "id"[0m  [["sender", "Kyell"], ["message", "Freedom Board is awesome"], ["created_at", "2018-03-16 06:40:45.501667"], ["updated_at", "2018-03-16 06:40:45.501667"]]
  [1m[35m (123.5ms)[0m  [1m[35mCOMMIT[0m
Redirected to http://localhost:4567/entries
Completed 302 Found in 135ms (ActiveRecord: 124.5ms)


Started GET "/entries" for ::1 at 2018-03-16 14:40:45 +0800
Processing by EntriesController#index as HTML
  Rendering entries/index.html.erb within layouts/application
  [1m[36mEntry Load (1.0ms)[0m  [1m[34mSELECT "entries".* FROM "entries"[0m
  Rendered entries/index.html.erb within layouts/application (8.0ms)
Completed 200 OK in 155ms (Views: 131.3ms | ActiveRecord: 1.0ms)


Started GET "/entries?to_search=kyell" for ::1 at 2018-03-16 14:40:48 +0800
Processing by EntriesController#index as HTML
  Parameters: {"to_search"=>"kyell"}
  Rendering entries/index.html.erb within layouts/application
  [1m[36mEntry Load (0.0ms)[0m  [1m[34mSELECT "entries".* FROM "entries"[0m
  Rendered entries/index.html.erb within layouts/application (5.0ms)
Completed 200 OK in 182ms (Views: 158.2ms | ActiveRecord: 0.0ms)


Started GET "/entries?to_search=Kyell" for ::1 at 2018-03-16 14:40:51 +0800
Processing by EntriesController#index as HTML
  Parameters: {"to_search"=>"Kyell"}
  Rendering entries/index.html.erb within layouts/application
  [1m[36mEntry Load (1.0ms)[0m  [1m[34mSELECT "entries".* FROM "entries"[0m
  Rendered entries/index.html.erb within layouts/application (8.0ms)
Completed 200 OK in 188ms (Views: 157.6ms | ActiveRecord: 1.0ms)


Started GET "/entries?to_search=Jeff" for ::1 at 2018-03-16 14:40:53 +0800
Processing by EntriesController#index as HTML
  Parameters: {"to_search"=>"Jeff"}
  Rendering entries/index.html.erb within layouts/application
  [1m[36mEntry Load (0.0ms)[0m  [1m[34mSELECT "entries".* FROM "entries"[0m
  Rendered entries/index.html.erb within layouts/application (6.0ms)
Completed 200 OK in 171ms (Views: 138.8ms | ActiveRecord: 0.0ms)


Started GET "/entries?to_search=" for ::1 at 2018-03-16 14:40:57 +0800
Processing by EntriesController#index as HTML
  Parameters: {"to_search"=>""}
  Rendering entries/index.html.erb within layouts/application
  [1m[36mEntry Load (0.0ms)[0m  [1m[34mSELECT "entries".* FROM "entries"[0m
  Rendered entries/index.html.erb within layouts/application (5.0ms)
Completed 200 OK in 156ms (Views: 128.1ms | ActiveRecord: 0.0ms)


